<?xml version="1.0" encoding="UTF-8"?>
<!-- Generated by org.testng.reporters.JUnitReportReporter -->
<testsuite skipped="0" hostname="LAPTOP-B5SDM23U" name="com.Spirit.testcases.BookFlightPageTest" tests="1" failures="0" timestamp="2020-05-21T15:51:11 CDT" time="12.693" errors="0">
  <testcase name="choseAFlight" time="12.693" classname="com.Spirit.testcases.BookFlightPageTest"/>
</testsuite> <!-- com.Spirit.testcases.BookFlightPageTest -->
