<?xml version="1.0" encoding="UTF-8"?>
<!-- Generated by org.testng.reporters.JUnitReportReporter -->
<testsuite skipped="0" hostname="LAPTOP-B5SDM23U" name="com.McMillen.testcases.HomePageIcons" tests="1" failures="0" timestamp="2020-01-25T22:30:44 CST" time="24.634" errors="0">
  <testcase name="clickHome" time="24.634" classname="com.McMillen.testcases.HomePageIcons"/>
</testsuite> <!-- com.McMillen.testcases.HomePageIcons -->
