<?xml version="1.0" encoding="UTF-8"?>
<!-- Generated by org.testng.reporters.JUnitReportReporter -->
<testsuite skipped="0" hostname="LAPTOP-B5SDM23U" name="com.Spirit.testcases.SignInTest" tests="1" failures="0" timestamp="2020-05-19T14:16:07 CDT" time="12.608" errors="0">
  <testcase name="invalidEmailSignIn" time="12.608" classname="com.Spirit.testcases.SignInTest"/>
</testsuite> <!-- com.Spirit.testcases.SignInTest -->
