<?xml version="1.0" encoding="UTF-8"?>
<!-- Generated by org.testng.reporters.JUnitReportReporter -->
<testsuite skipped="0" hostname="LAPTOP-B5SDM23U" name="com.Spirit.testcases.HomePageTest" tests="3" failures="0" timestamp="2020-05-19T13:25:44 CDT" time="36.637" errors="0">
  <testcase name="ContactUs" time="11.568" classname="com.Spirit.testcases.HomePageTest"/>
  <testcase name="Deals" time="13.335" classname="com.Spirit.testcases.HomePageTest"/>
  <testcase name="logoValidation" time="11.734" classname="com.Spirit.testcases.HomePageTest"/>
</testsuite> <!-- com.Spirit.testcases.HomePageTest -->
