<?xml version="1.0" encoding="UTF-8"?>
<!-- Generated by org.testng.reporters.JUnitReportReporter -->
<testsuite skipped="0" hostname="LAPTOP-B5SDM23U" name="com.McMillen.testcases.HomePageIcons" tests="1" failures="0" timestamp="2020-05-14T10:29:53 CDT" time="23.020" errors="0">
  <testcase name="clickHome" time="23.020" classname="com.McMillen.testcases.HomePageIcons"/>
</testsuite> <!-- com.McMillen.testcases.HomePageIcons -->
