<?xml version="1.0" encoding="UTF-8"?>
<!-- Generated by org.testng.reporters.JUnitReportReporter -->
<testsuite skipped="0" hostname="LAPTOP-B5SDM23U" name="com.Spirit.testbase.JDBCconnection" tests="1" failures="0" timestamp="2020-06-01T21:44:11 CDT" time="0.566" errors="0">
  <testcase name="getConnection" time="0.566" classname="com.Spirit.testbase.JDBCconnection"/>
</testsuite> <!-- com.Spirit.testbase.JDBCconnection -->
